06-23-2021 @ 10:09:32 - ---[ New import started at 2021-06-23 10:09:32 ] PHP Memory: 768 MB, WP Memory: 40 MB
06-23-2021 @ 10:09:32 - Preparing for import.
06-23-2021 @ 10:09:32 - Row :1 - Parsing item.
06-23-2021 @ 10:09:32 - Importing as new order ID:37426
06-23-2021 @ 10:09:32 - Row :1 - Processing item.
06-23-2021 @ 10:09:32 - Found order object. ID:37426
06-23-2021 @ 10:09:32 - Row :1 - Order imported successfully.
06-23-2021 @ 10:09:32 - Row :2 - Parsing item.
06-23-2021 @ 10:09:32 - Importing as new order ID:37427
06-23-2021 @ 10:09:32 - Row :2 - Processing item.
06-23-2021 @ 10:09:32 - Found order object. ID:37427
06-23-2021 @ 10:09:33 - Row :2 - Order imported successfully.
06-23-2021 @ 10:09:33 - Row :3 - Parsing item.
06-23-2021 @ 10:09:33 - Importing as new order ID:37428
06-23-2021 @ 10:09:33 - Row :3 - Processing item.
06-23-2021 @ 10:09:33 - Found order object. ID:37428
06-23-2021 @ 10:09:33 - Row :3 - Order imported successfully.
06-23-2021 @ 10:09:33 - Row :4 - Parsing item.
06-23-2021 @ 10:09:33 - Importing as new order ID:37429
06-23-2021 @ 10:09:33 - Row :4 - Processing item.
06-23-2021 @ 10:09:33 - Found order object. ID:37429
06-23-2021 @ 10:09:33 - Row :4 - Order imported successfully.
06-23-2021 @ 10:09:33 - Row :5 - Parsing item.
06-23-2021 @ 10:09:33 - Importing as new order ID:37430
06-23-2021 @ 10:09:33 - Row :5 - Processing item.
06-23-2021 @ 10:09:33 - Found order object. ID:37430
06-23-2021 @ 10:09:33 - Row :5 - Order imported successfully.
06-23-2021 @ 10:09:33 - ---[ Import ended at 2021-06-23 10:09:33]---
