06-23-2021 @ 11:50:27 - ---[ New import started at 2021-06-23 11:50:27 ] PHP Memory: 768 MB, WP Memory: 40 MB
06-23-2021 @ 11:50:27 - Preparing for import.
06-23-2021 @ 11:50:27 - Row :1 - Parsing item.
06-23-2021 @ 11:50:27 - Importing as new order ID:37433
06-23-2021 @ 11:50:27 - Row :1 - Processing item.
06-23-2021 @ 11:50:27 - Found order object. ID:37433
06-23-2021 @ 11:50:27 - Row :1 - Order imported successfully.
06-23-2021 @ 11:50:27 - Row :2 - Parsing item.
06-23-2021 @ 11:50:27 - Importing as new order ID:37434
06-23-2021 @ 11:50:27 - Row :2 - Processing item.
06-23-2021 @ 11:50:27 - Found order object. ID:37434
06-23-2021 @ 11:50:27 - Row :2 - Order imported successfully.
06-23-2021 @ 11:50:27 - Row :3 - Parsing item.
06-23-2021 @ 11:50:27 - Importing as new order ID:37435
06-23-2021 @ 11:50:27 - Row :3 - Processing item.
06-23-2021 @ 11:50:27 - Found order object. ID:37435
06-23-2021 @ 11:50:27 - Row :3 - Order imported successfully.
06-23-2021 @ 11:50:27 - Row :4 - Parsing item.
06-23-2021 @ 11:50:27 - Importing as new order ID:37436
06-23-2021 @ 11:50:27 - Row :4 - Processing item.
06-23-2021 @ 11:50:27 - Found order object. ID:37436
06-23-2021 @ 11:50:27 - Row :4 - Order imported successfully.
06-23-2021 @ 11:50:27 - Row :5 - Parsing item.
06-23-2021 @ 11:50:27 - Importing as new order ID:37437
06-23-2021 @ 11:50:27 - Row :5 - Processing item.
06-23-2021 @ 11:50:27 - Found order object. ID:37437
06-23-2021 @ 11:50:27 - Row :5 - Order imported successfully.
06-23-2021 @ 11:50:27 - ---[ Import ended at 2021-06-23 11:50:27]---
