01-06-2022 @ 04:49:17 - ---[ New import started at 2022-01-06 04:49:17 ] PHP Memory: 1 GB, WP Memory: 1 GB
01-06-2022 @ 04:49:17 - Preparing for import.
01-06-2022 @ 04:49:17 - Row :1 - Parsing item.
01-06-2022 @ 04:49:17 - Row :1 - Processing item.
01-06-2022 @ 04:49:17 - Found order object. ID:44400
01-06-2022 @ 04:49:18 - Row :1 - Order imported successfully.
01-06-2022 @ 04:49:18 - Row :2 - Parsing item.
01-06-2022 @ 04:49:18 - Row :2 - Processing item.
01-06-2022 @ 04:49:18 - Found order object. ID:44401
01-06-2022 @ 04:49:18 - Row :2 - Order imported successfully.
01-06-2022 @ 04:49:18 - Row :3 - Parsing item.
01-06-2022 @ 04:49:18 - Row :3 - Processing item.
01-06-2022 @ 04:49:18 - Found order object. ID:44402
01-06-2022 @ 04:49:18 - Row :3 - Order imported successfully.
01-06-2022 @ 04:49:18 - Row :4 - Parsing item.
01-06-2022 @ 04:49:18 - Row :4 - Processing item.
01-06-2022 @ 04:49:18 - Found order object. ID:44403
01-06-2022 @ 04:49:18 - Row :4 - Order imported successfully.
01-06-2022 @ 04:49:18 - Row :5 - Parsing item.
01-06-2022 @ 04:49:18 - Row :5 - Processing item.
01-06-2022 @ 04:49:18 - Found order object. ID:44404
01-06-2022 @ 04:49:18 - Row :5 - Order imported successfully.
01-06-2022 @ 04:49:18 - Row :6 - Parsing item.
01-06-2022 @ 04:49:18 - Row :6 - Processing item.
01-06-2022 @ 04:49:18 - Found order object. ID:44405
01-06-2022 @ 04:49:18 - Row :6 - Order imported successfully.
01-06-2022 @ 04:49:18 - Row :7 - Parsing item.
01-06-2022 @ 04:49:18 - Row :7 - Processing item.
01-06-2022 @ 04:49:18 - Found order object. ID:44406
01-06-2022 @ 04:49:19 - Row :7 - Order imported successfully.
01-06-2022 @ 04:49:19 - Row :8 - Parsing item.
01-06-2022 @ 04:49:19 - Row :8 - Processing item.
01-06-2022 @ 04:49:19 - Found order object. ID:44407
01-06-2022 @ 04:49:19 - Row :8 - Order imported successfully.
01-06-2022 @ 04:49:19 - Row :9 - Parsing item.
01-06-2022 @ 04:49:19 - Row :9 - Processing item.
01-06-2022 @ 04:49:19 - Found order object. ID:44408
01-06-2022 @ 04:49:19 - Row :9 - Order imported successfully.
01-06-2022 @ 04:49:19 - ---[ Import ended at 2022-01-06 04:49:19]---
