01-06-2022 @ 06:00:35 - ---[ New import started at 2022-01-06 06:00:35 ] PHP Memory: 1 GB, WP Memory: 1 GB
01-06-2022 @ 06:00:35 - Preparing for import.
01-06-2022 @ 06:00:35 - Row :1 - Parsing item.
01-06-2022 @ 06:00:35 - Row :1 - Processing item.
01-06-2022 @ 06:00:36 - Found order object. ID:44409
01-06-2022 @ 06:00:36 - Row :1 - Order imported successfully.
01-06-2022 @ 06:00:36 - Row :2 - Parsing item.
01-06-2022 @ 06:00:36 - Row :2 - Processing item.
01-06-2022 @ 06:00:36 - Found order object. ID:44410
01-06-2022 @ 06:00:36 - Row :2 - Order imported successfully.
01-06-2022 @ 06:00:36 - Row :3 - Parsing item.
01-06-2022 @ 06:00:36 - Row :3 - Processing item.
01-06-2022 @ 06:00:36 - Found order object. ID:44411
01-06-2022 @ 06:00:36 - Row :3 - Order imported successfully.
01-06-2022 @ 06:00:36 - Row :4 - Parsing item.
01-06-2022 @ 06:00:36 - Row :4 - Processing item.
01-06-2022 @ 06:00:36 - Found order object. ID:44412
01-06-2022 @ 06:00:36 - Row :4 - Order imported successfully.
01-06-2022 @ 06:00:36 - Row :5 - Parsing item.
01-06-2022 @ 06:00:36 - Row :5 - Processing item.
01-06-2022 @ 06:00:36 - Found order object. ID:44413
01-06-2022 @ 06:00:36 - Row :5 - Order imported successfully.
01-06-2022 @ 06:00:36 - Row :6 - Parsing item.
01-06-2022 @ 06:00:37 - Row :6 - Processing item.
01-06-2022 @ 06:00:37 - Found order object. ID:44414
01-06-2022 @ 06:00:37 - Row :6 - Order imported successfully.
01-06-2022 @ 06:00:37 - Row :7 - Parsing item.
01-06-2022 @ 06:00:37 - Row :7 - Processing item.
01-06-2022 @ 06:00:37 - Found order object. ID:44415
01-06-2022 @ 06:00:37 - Row :7 - Order imported successfully.
01-06-2022 @ 06:00:37 - Row :8 - Parsing item.
01-06-2022 @ 06:00:37 - Row :8 - Processing item.
01-06-2022 @ 06:00:37 - Found order object. ID:44416
01-06-2022 @ 06:00:37 - Row :8 - Order imported successfully.
01-06-2022 @ 06:00:37 - Row :9 - Parsing item.
01-06-2022 @ 06:00:37 - Row :9 - Processing item.
01-06-2022 @ 06:00:37 - Found order object. ID:44417
01-06-2022 @ 06:00:37 - Row :9 - Order imported successfully.
01-06-2022 @ 06:00:37 - Row :10 - Parsing item.
01-06-2022 @ 06:00:37 - Row :10 - Processing item.
01-06-2022 @ 06:00:37 - Found order object. ID:44418
01-06-2022 @ 06:00:37 - Row :10 - Order imported successfully.
01-06-2022 @ 06:00:38 - Preparing for import.
01-06-2022 @ 06:00:38 - Row :11 - Parsing item.
01-06-2022 @ 06:00:38 - Row :11 - Processing item.
01-06-2022 @ 06:00:38 - Found order object. ID:44419
01-06-2022 @ 06:00:39 - Row :11 - Order imported successfully.
01-06-2022 @ 06:00:39 - Row :12 - Parsing item.
01-06-2022 @ 06:00:39 - Row :12 - Processing item.
01-06-2022 @ 06:00:39 - Found order object. ID:44420
01-06-2022 @ 06:00:39 - Row :12 - Order imported successfully.
01-06-2022 @ 06:00:39 - Row :13 - Parsing item.
01-06-2022 @ 06:00:39 - Row :13 - Processing item.
01-06-2022 @ 06:00:39 - Found order object. ID:44421
01-06-2022 @ 06:00:39 - Row :13 - Order imported successfully.
01-06-2022 @ 06:00:39 - Row :14 - Parsing item.
01-06-2022 @ 06:00:39 - Row :14 - Processing item.
01-06-2022 @ 06:00:39 - Found order object. ID:44422
01-06-2022 @ 06:00:39 - Row :14 - Order imported successfully.
01-06-2022 @ 06:00:39 - Row :15 - Parsing item.
01-06-2022 @ 06:00:39 - Row :15 - Processing item.
01-06-2022 @ 06:00:39 - Found order object. ID:44423
01-06-2022 @ 06:00:39 - Row :15 - Order imported successfully.
01-06-2022 @ 06:00:39 - Row :16 - Parsing item.
01-06-2022 @ 06:00:39 - Row :16 - Processing item.
01-06-2022 @ 06:00:40 - Found order object. ID:44424
01-06-2022 @ 06:00:40 - Row :16 - Order imported successfully.
01-06-2022 @ 06:00:40 - Row :17 - Parsing item.
01-06-2022 @ 06:00:40 - Row :17 - Processing item.
01-06-2022 @ 06:00:40 - Found order object. ID:44425
01-06-2022 @ 06:00:40 - Row :17 - Order imported successfully.
01-06-2022 @ 06:00:40 - Row :18 - Parsing item.
01-06-2022 @ 06:00:40 - Row :18 - Processing item.
01-06-2022 @ 06:00:40 - Found order object. ID:44426
01-06-2022 @ 06:00:41 - Row :18 - Order imported successfully.
01-06-2022 @ 06:00:41 - Row :19 - Parsing item.
01-06-2022 @ 06:00:41 - Row :19 - Processing item.
01-06-2022 @ 06:00:41 - Found order object. ID:44427
01-06-2022 @ 06:00:41 - Row :19 - Order imported successfully.
01-06-2022 @ 06:00:41 - Row :20 - Parsing item.
01-06-2022 @ 06:00:41 - Row :20 - Processing item.
01-06-2022 @ 06:00:41 - Found order object. ID:44428
01-06-2022 @ 06:00:41 - Row :20 - Order imported successfully.
01-06-2022 @ 06:00:42 - Preparing for import.
01-06-2022 @ 06:00:42 - Row :21 - Parsing item.
01-06-2022 @ 06:00:42 - Row :21 - Processing item.
01-06-2022 @ 06:00:42 - Found order object. ID:44429
01-06-2022 @ 06:00:42 - Row :21 - Order imported successfully.
01-06-2022 @ 06:00:42 - Row :22 - Parsing item.
01-06-2022 @ 06:00:42 - Row :22 - Processing item.
01-06-2022 @ 06:00:42 - Found order object. ID:44430
01-06-2022 @ 06:00:43 - Row :22 - Order imported successfully.
01-06-2022 @ 06:00:43 - Row :23 - Parsing item.
01-06-2022 @ 06:00:43 - Row :23 - Processing item.
01-06-2022 @ 06:00:43 - Found order object. ID:44431
01-06-2022 @ 06:00:43 - Row :23 - Order imported successfully.
01-06-2022 @ 06:00:43 - Row :24 - Parsing item.
01-06-2022 @ 06:00:43 - Row :24 - Processing item.
01-06-2022 @ 06:00:43 - Found order object. ID:44432
01-06-2022 @ 06:00:43 - Row :24 - Order imported successfully.
01-06-2022 @ 06:00:43 - Row :25 - Parsing item.
01-06-2022 @ 06:00:43 - Row :25 - Processing item.
01-06-2022 @ 06:00:44 - Found order object. ID:44433
01-06-2022 @ 06:00:44 - Row :25 - Order imported successfully.
01-06-2022 @ 06:00:44 - Row :26 - Parsing item.
01-06-2022 @ 06:00:44 - Row :26 - Processing item.
01-06-2022 @ 06:00:44 - Found order object. ID:44434
01-06-2022 @ 06:00:44 - Row :26 - Order imported successfully.
01-06-2022 @ 06:00:44 - Row :27 - Parsing item.
01-06-2022 @ 06:00:44 - Row :27 - Processing item.
01-06-2022 @ 06:00:44 - Found order object. ID:44435
01-06-2022 @ 06:00:45 - Row :27 - Order imported successfully.
01-06-2022 @ 06:00:45 - Row :28 - Parsing item.
01-06-2022 @ 06:00:45 - Row :28 - Processing item.
01-06-2022 @ 06:00:45 - Found order object. ID:44436
01-06-2022 @ 06:00:45 - Row :28 - Order imported successfully.
01-06-2022 @ 06:00:45 - Row :29 - Parsing item.
01-06-2022 @ 06:00:45 - Row :29 - Processing item.
01-06-2022 @ 06:00:45 - Found order object. ID:44437
01-06-2022 @ 06:00:45 - Row :29 - Order imported successfully.
01-06-2022 @ 06:00:45 - Row :30 - Parsing item.
01-06-2022 @ 06:00:45 - Row :30 - Processing item.
01-06-2022 @ 06:00:45 - Found order object. ID:44438
01-06-2022 @ 06:00:46 - Row :30 - Order imported successfully.
01-06-2022 @ 06:00:46 - Preparing for import.
01-06-2022 @ 06:00:46 - Row :31 - Parsing item.
01-06-2022 @ 06:00:46 - Row :31 - Processing item.
01-06-2022 @ 06:00:47 - Found order object. ID:44439
01-06-2022 @ 06:00:47 - Row :31 - Order imported successfully.
01-06-2022 @ 06:00:47 - Row :32 - Parsing item.
01-06-2022 @ 06:00:47 - Row :32 - Processing item.
01-06-2022 @ 06:00:47 - Found order object. ID:44440
01-06-2022 @ 06:00:47 - Row :32 - Order imported successfully.
01-06-2022 @ 06:00:47 - Row :33 - Parsing item.
01-06-2022 @ 06:00:47 - Row :33 - Processing item.
01-06-2022 @ 06:00:47 - Found order object. ID:44441
01-06-2022 @ 06:00:48 - Row :33 - Order imported successfully.
01-06-2022 @ 06:00:48 - Row :34 - Parsing item.
01-06-2022 @ 06:00:48 - Row :34 - Processing item.
01-06-2022 @ 06:00:48 - Found order object. ID:44442
01-06-2022 @ 06:00:48 - Row :34 - Order imported successfully.
01-06-2022 @ 06:00:48 - Row :35 - Parsing item.
01-06-2022 @ 06:00:48 - Row :35 - Processing item.
01-06-2022 @ 06:00:48 - Found order object. ID:44443
01-06-2022 @ 06:00:48 - Row :35 - Order imported successfully.
01-06-2022 @ 06:00:48 - Row :36 - Parsing item.
01-06-2022 @ 06:00:48 - Row :36 - Processing item.
01-06-2022 @ 06:00:48 - Found order object. ID:44444
01-06-2022 @ 06:00:49 - Row :36 - Order imported successfully.
01-06-2022 @ 06:00:49 - Row :37 - Parsing item.
01-06-2022 @ 06:00:49 - Row :37 - Processing item.
01-06-2022 @ 06:00:49 - Found order object. ID:44445
01-06-2022 @ 06:00:49 - Row :37 - Order imported successfully.
01-06-2022 @ 06:00:49 - Row :38 - Parsing item.
01-06-2022 @ 06:00:49 - Row :38 - Processing item.
01-06-2022 @ 06:00:49 - Found order object. ID:44446
01-06-2022 @ 06:00:49 - Row :38 - Order imported successfully.
01-06-2022 @ 06:00:49 - Row :39 - Parsing item.
01-06-2022 @ 06:00:49 - Row :39 - Processing item.
01-06-2022 @ 06:00:50 - Found order object. ID:44447
01-06-2022 @ 06:00:50 - Row :39 - Order imported successfully.
01-06-2022 @ 06:00:50 - Row :40 - Parsing item.
01-06-2022 @ 06:00:50 - Row :40 - Processing item.
01-06-2022 @ 06:00:50 - Found order object. ID:44448
01-06-2022 @ 06:00:50 - Row :40 - Order imported successfully.
01-06-2022 @ 06:00:51 - Preparing for import.
01-06-2022 @ 06:00:51 - Row :41 - Parsing item.
01-06-2022 @ 06:00:51 - Row :41 - Processing item.
01-06-2022 @ 06:00:51 - Found order object. ID:44449
01-06-2022 @ 06:00:51 - Row :41 - Order imported successfully.
01-06-2022 @ 06:00:51 - Row :42 - Parsing item.
01-06-2022 @ 06:00:51 - Row :42 - Processing item.
01-06-2022 @ 06:00:51 - Found order object. ID:44450
01-06-2022 @ 06:00:52 - Row :42 - Order imported successfully.
01-06-2022 @ 06:00:52 - Row :43 - Parsing item.
01-06-2022 @ 06:00:52 - Row :43 - Processing item.
01-06-2022 @ 06:00:52 - Found order object. ID:44451
01-06-2022 @ 06:00:52 - Row :43 - Order imported successfully.
01-06-2022 @ 06:00:52 - ---[ Import ended at 2022-01-06 06:00:52]---
