01-06-2022 @ 06:18:59 - ---[ New import started at 2022-01-06 06:18:59 ] PHP Memory: 1 GB, WP Memory: 1 GB
01-06-2022 @ 06:18:59 - Preparing for import.
01-06-2022 @ 06:18:59 - Row :1 - Parsing item.
01-06-2022 @ 06:18:59 - Row :1 - Processing item.
01-06-2022 @ 06:18:59 - Found order object. ID:44452
01-06-2022 @ 06:18:59 - Row :1 - Order imported successfully.
01-06-2022 @ 06:18:59 - Row :2 - Parsing item.
01-06-2022 @ 06:18:59 - Row :2 - Processing item.
01-06-2022 @ 06:19:00 - Found order object. ID:44453
01-06-2022 @ 06:19:00 - Row :2 - Order imported successfully.
01-06-2022 @ 06:19:00 - Row :3 - Parsing item.
01-06-2022 @ 06:19:00 - Row :3 - Processing item.
01-06-2022 @ 06:19:00 - Found order object. ID:44454
01-06-2022 @ 06:19:00 - Row :3 - Order imported successfully.
01-06-2022 @ 06:19:00 - Row :4 - Parsing item.
01-06-2022 @ 06:19:00 - Row :4 - Processing item.
01-06-2022 @ 06:19:00 - Found order object. ID:44455
01-06-2022 @ 06:19:00 - Row :4 - Order imported successfully.
01-06-2022 @ 06:19:00 - Row :5 - Parsing item.
01-06-2022 @ 06:19:00 - Row :5 - Processing item.
01-06-2022 @ 06:19:00 - Found order object. ID:44456
01-06-2022 @ 06:19:00 - Row :5 - Order imported successfully.
01-06-2022 @ 06:19:00 - Row :6 - Parsing item.
01-06-2022 @ 06:19:00 - Row :6 - Processing item.
01-06-2022 @ 06:19:00 - Found order object. ID:44457
01-06-2022 @ 06:19:00 - Row :6 - Order imported successfully.
01-06-2022 @ 06:19:00 - Row :7 - Parsing item.
01-06-2022 @ 06:19:00 - Row :7 - Processing item.
01-06-2022 @ 06:19:01 - Found order object. ID:44458
01-06-2022 @ 06:19:01 - Row :7 - Order imported successfully.
01-06-2022 @ 06:19:01 - Row :8 - Parsing item.
01-06-2022 @ 06:19:01 - Row :8 - Processing item.
01-06-2022 @ 06:19:01 - Found order object. ID:44459
01-06-2022 @ 06:19:01 - Row :8 - Order imported successfully.
01-06-2022 @ 06:19:01 - Row :9 - Parsing item.
01-06-2022 @ 06:19:01 - Row :9 - Processing item.
01-06-2022 @ 06:19:01 - Found order object. ID:44460
01-06-2022 @ 06:19:01 - Row :9 - Order imported successfully.
01-06-2022 @ 06:19:01 - Row :10 - Parsing item.
01-06-2022 @ 06:19:01 - Row :10 - Processing item.
01-06-2022 @ 06:19:01 - Found order object. ID:44461
01-06-2022 @ 06:19:01 - Row :10 - Order imported successfully.
01-06-2022 @ 06:19:02 - Preparing for import.
01-06-2022 @ 06:19:02 - Row :11 - Parsing item.
01-06-2022 @ 06:19:02 - Row :11 - Processing item.
01-06-2022 @ 06:19:02 - Found order object. ID:44462
01-06-2022 @ 06:19:02 - Row :11 - Order imported successfully.
01-06-2022 @ 06:19:02 - Row :12 - Parsing item.
01-06-2022 @ 06:19:02 - Row :12 - Processing item.
01-06-2022 @ 06:19:02 - Found order object. ID:44463
01-06-2022 @ 06:19:02 - Row :12 - Order imported successfully.
01-06-2022 @ 06:19:02 - Row :13 - Parsing item.
01-06-2022 @ 06:19:02 - Row :13 - Processing item.
01-06-2022 @ 06:19:03 - Found order object. ID:44464
01-06-2022 @ 06:19:03 - Row :13 - Order imported successfully.
01-06-2022 @ 06:19:03 - Row :14 - Parsing item.
01-06-2022 @ 06:19:03 - Row :14 - Processing item.
01-06-2022 @ 06:19:03 - Found order object. ID:44465
01-06-2022 @ 06:19:03 - Row :14 - Order imported successfully.
01-06-2022 @ 06:19:03 - Row :15 - Parsing item.
01-06-2022 @ 06:19:03 - Row :15 - Processing item.
01-06-2022 @ 06:19:03 - Found order object. ID:44466
01-06-2022 @ 06:19:03 - Row :15 - Order imported successfully.
01-06-2022 @ 06:19:03 - Row :16 - Parsing item.
01-06-2022 @ 06:19:03 - Row :16 - Processing item.
01-06-2022 @ 06:19:03 - Found order object. ID:44467
01-06-2022 @ 06:19:03 - Row :16 - Order imported successfully.
01-06-2022 @ 06:19:03 - Row :17 - Parsing item.
01-06-2022 @ 06:19:03 - Row :17 - Processing item.
01-06-2022 @ 06:19:03 - Found order object. ID:44468
01-06-2022 @ 06:19:04 - Row :17 - Order imported successfully.
01-06-2022 @ 06:19:04 - Row :18 - Parsing item.
01-06-2022 @ 06:19:04 - Row :18 - Processing item.
01-06-2022 @ 06:19:04 - Found order object. ID:44469
01-06-2022 @ 06:19:04 - Row :18 - Order imported successfully.
01-06-2022 @ 06:19:04 - Row :19 - Parsing item.
01-06-2022 @ 06:19:04 - Row :19 - Processing item.
01-06-2022 @ 06:19:04 - Found order object. ID:44470
01-06-2022 @ 06:19:04 - Row :19 - Order imported successfully.
01-06-2022 @ 06:19:04 - Row :20 - Parsing item.
01-06-2022 @ 06:19:04 - Row :20 - Processing item.
01-06-2022 @ 06:19:04 - Found order object. ID:44471
01-06-2022 @ 06:19:04 - Row :20 - Order imported successfully.
01-06-2022 @ 06:19:05 - Preparing for import.
01-06-2022 @ 06:19:05 - Row :21 - Parsing item.
01-06-2022 @ 06:19:05 - Row :21 - Processing item.
01-06-2022 @ 06:19:05 - Found order object. ID:44472
01-06-2022 @ 06:19:05 - Row :21 - Order imported successfully.
01-06-2022 @ 06:19:05 - Row :22 - Parsing item.
01-06-2022 @ 06:19:05 - Row :22 - Processing item.
01-06-2022 @ 06:19:05 - Found order object. ID:44473
01-06-2022 @ 06:19:05 - Row :22 - Order imported successfully.
01-06-2022 @ 06:19:05 - Row :23 - Parsing item.
01-06-2022 @ 06:19:05 - Row :23 - Processing item.
01-06-2022 @ 06:19:05 - Found order object. ID:44474
01-06-2022 @ 06:19:06 - Row :23 - Order imported successfully.
01-06-2022 @ 06:19:06 - Row :24 - Parsing item.
01-06-2022 @ 06:19:06 - Row :24 - Processing item.
01-06-2022 @ 06:19:06 - Found order object. ID:44475
01-06-2022 @ 06:19:06 - Row :24 - Order imported successfully.
01-06-2022 @ 06:19:06 - Row :25 - Parsing item.
01-06-2022 @ 06:19:06 - Row :25 - Processing item.
01-06-2022 @ 06:19:06 - Found order object. ID:44476
01-06-2022 @ 06:19:06 - Row :25 - Order imported successfully.
01-06-2022 @ 06:19:06 - Row :26 - Parsing item.
01-06-2022 @ 06:19:06 - Row :26 - Processing item.
01-06-2022 @ 06:19:07 - Found order object. ID:44477
01-06-2022 @ 06:19:07 - Row :26 - Order imported successfully.
01-06-2022 @ 06:19:07 - Row :27 - Parsing item.
01-06-2022 @ 06:19:07 - Row :27 - Processing item.
01-06-2022 @ 06:19:07 - Found order object. ID:44478
01-06-2022 @ 06:19:07 - Row :27 - Order imported successfully.
01-06-2022 @ 06:19:07 - Row :28 - Parsing item.
01-06-2022 @ 06:19:07 - Row :28 - Processing item.
01-06-2022 @ 06:19:07 - Found order object. ID:44479
01-06-2022 @ 06:19:08 - Row :28 - Order imported successfully.
01-06-2022 @ 06:19:08 - Row :29 - Parsing item.
01-06-2022 @ 06:19:08 - Row :29 - Processing item.
01-06-2022 @ 06:19:08 - Found order object. ID:44480
01-06-2022 @ 06:19:08 - Row :29 - Order imported successfully.
01-06-2022 @ 06:19:08 - Row :30 - Parsing item.
01-06-2022 @ 06:19:08 - Row :30 - Processing item.
01-06-2022 @ 06:19:08 - Found order object. ID:44481
01-06-2022 @ 06:19:08 - Row :30 - Order imported successfully.
01-06-2022 @ 06:19:09 - Preparing for import.
01-06-2022 @ 06:19:09 - Row :31 - Parsing item.
01-06-2022 @ 06:19:09 - Row :31 - Processing item.
01-06-2022 @ 06:19:09 - Found order object. ID:44482
01-06-2022 @ 06:19:09 - Row :31 - Order imported successfully.
01-06-2022 @ 06:19:09 - Row :32 - Parsing item.
01-06-2022 @ 06:19:09 - Row :32 - Processing item.
01-06-2022 @ 06:19:10 - Found order object. ID:44483
01-06-2022 @ 06:19:10 - Row :32 - Order imported successfully.
01-06-2022 @ 06:19:10 - Row :33 - Parsing item.
01-06-2022 @ 06:19:10 - Row :33 - Processing item.
01-06-2022 @ 06:19:10 - Found order object. ID:44484
01-06-2022 @ 06:19:10 - Row :33 - Order imported successfully.
01-06-2022 @ 06:19:10 - Row :34 - Parsing item.
01-06-2022 @ 06:19:10 - Row :34 - Processing item.
01-06-2022 @ 06:19:10 - Found order object. ID:44485
01-06-2022 @ 06:19:11 - Row :34 - Order imported successfully.
01-06-2022 @ 06:19:11 - Row :35 - Parsing item.
01-06-2022 @ 06:19:11 - Row :35 - Processing item.
01-06-2022 @ 06:19:11 - Found order object. ID:44486
01-06-2022 @ 06:19:11 - Row :35 - Order imported successfully.
01-06-2022 @ 06:19:11 - Row :36 - Parsing item.
01-06-2022 @ 06:19:11 - Row :36 - Processing item.
01-06-2022 @ 06:19:11 - Found order object. ID:44487
01-06-2022 @ 06:19:11 - Row :36 - Order imported successfully.
01-06-2022 @ 06:19:11 - Row :37 - Parsing item.
01-06-2022 @ 06:19:11 - Row :37 - Processing item.
01-06-2022 @ 06:19:11 - Found order object. ID:44488
01-06-2022 @ 06:19:12 - Row :37 - Order imported successfully.
01-06-2022 @ 06:19:12 - Row :38 - Parsing item.
01-06-2022 @ 06:19:12 - Row :38 - Processing item.
01-06-2022 @ 06:19:12 - Found order object. ID:44489
01-06-2022 @ 06:19:12 - Row :38 - Order imported successfully.
01-06-2022 @ 06:19:12 - Row :39 - Parsing item.
01-06-2022 @ 06:19:12 - Row :39 - Processing item.
01-06-2022 @ 06:19:12 - Found order object. ID:44490
01-06-2022 @ 06:19:12 - Row :39 - Order imported successfully.
01-06-2022 @ 06:19:12 - Row :40 - Parsing item.
01-06-2022 @ 06:19:12 - Row :40 - Processing item.
01-06-2022 @ 06:19:13 - Found order object. ID:44491
01-06-2022 @ 06:19:13 - Row :40 - Order imported successfully.
01-06-2022 @ 06:19:13 - Preparing for import.
01-06-2022 @ 06:19:13 - Row :41 - Parsing item.
01-06-2022 @ 06:19:13 - Row :41 - Processing item.
01-06-2022 @ 06:19:14 - Found order object. ID:44492
01-06-2022 @ 06:19:14 - Row :41 - Order imported successfully.
01-06-2022 @ 06:19:14 - Row :42 - Parsing item.
01-06-2022 @ 06:19:14 - Row :42 - Processing item.
01-06-2022 @ 06:19:14 - Found order object. ID:44493
01-06-2022 @ 06:19:14 - Row :42 - Order imported successfully.
01-06-2022 @ 06:19:14 - Row :43 - Parsing item.
01-06-2022 @ 06:19:14 - Row :43 - Processing item.
01-06-2022 @ 06:19:14 - Found order object. ID:44494
01-06-2022 @ 06:19:15 - Row :43 - Order imported successfully.
01-06-2022 @ 06:19:15 - Row :44 - Parsing item.
01-06-2022 @ 06:19:15 - Row :44 - Processing item.
01-06-2022 @ 06:19:15 - Found order object. ID:44495
01-06-2022 @ 06:19:15 - Row :44 - Order imported successfully.
01-06-2022 @ 06:19:15 - Row :45 - Parsing item.
01-06-2022 @ 06:19:15 - Row :45 - Processing item.
01-06-2022 @ 06:19:15 - Found order object. ID:44496
01-06-2022 @ 06:19:15 - Row :45 - Order imported successfully.
01-06-2022 @ 06:19:15 - Row :46 - Parsing item.
01-06-2022 @ 06:19:15 - Row :46 - Processing item.
01-06-2022 @ 06:19:15 - Found order object. ID:44497
01-06-2022 @ 06:19:16 - Row :46 - Order imported successfully.
01-06-2022 @ 06:19:16 - Row :47 - Parsing item.
01-06-2022 @ 06:19:16 - Row :47 - Processing item.
01-06-2022 @ 06:19:16 - Found order object. ID:44498
01-06-2022 @ 06:19:16 - Row :47 - Order imported successfully.
01-06-2022 @ 06:19:16 - Row :48 - Parsing item.
01-06-2022 @ 06:19:16 - Row :48 - Processing item.
01-06-2022 @ 06:19:16 - Found order object. ID:44499
01-06-2022 @ 06:19:16 - Row :48 - Order imported successfully.
01-06-2022 @ 06:19:16 - ---[ Import ended at 2022-01-06 06:19:16]---
