06-24-2021 @ 03:42:02 - ---[ New import started at 2021-06-24 03:42:02 ] PHP Memory: 768 MB, WP Memory: 40 MB
06-24-2021 @ 03:42:02 - Preparing for import.
06-24-2021 @ 03:42:02 - Row :1 - Parsing item.
06-24-2021 @ 03:42:02 - Importing as new order ID:37426
06-24-2021 @ 03:42:02 - Row :1 - Processing item.
06-24-2021 @ 03:42:02 - Found order object. ID:37426
06-24-2021 @ 03:42:02 - Row :1 - Order imported successfully.
06-24-2021 @ 03:42:02 - Row :2 - Parsing item.
06-24-2021 @ 03:42:02 - Importing as new order ID:37427
06-24-2021 @ 03:42:02 - Row :2 - Processing item.
06-24-2021 @ 03:42:02 - Found order object. ID:37427
06-24-2021 @ 03:42:02 - Row :2 - Order imported successfully.
06-24-2021 @ 03:42:02 - Row :3 - Parsing item.
06-24-2021 @ 03:42:02 - Importing as new order ID:37428
06-24-2021 @ 03:42:02 - Row :3 - Processing item.
06-24-2021 @ 03:42:02 - Found order object. ID:37428
06-24-2021 @ 03:42:02 - Row :3 - Order imported successfully.
06-24-2021 @ 03:42:02 - Row :4 - Parsing item.
06-24-2021 @ 03:42:02 - Importing as new order ID:37429
06-24-2021 @ 03:42:02 - Row :4 - Processing item.
06-24-2021 @ 03:42:02 - Found order object. ID:37429
06-24-2021 @ 03:42:02 - Row :4 - Order imported successfully.
06-24-2021 @ 03:42:02 - Row :5 - Parsing item.
06-24-2021 @ 03:42:03 - Importing as new order ID:37430
06-24-2021 @ 03:42:03 - Row :5 - Processing item.
06-24-2021 @ 03:42:03 - Found order object. ID:37430
06-24-2021 @ 03:42:03 - Row :5 - Order imported successfully.
06-24-2021 @ 03:42:03 - ---[ Import ended at 2021-06-24 03:42:03]---
