06-24-2021 @ 03:48:25 - ---[ New import started at 2021-06-24 03:48:25 ] PHP Memory: 768 MB, WP Memory: 40 MB
06-24-2021 @ 03:48:25 - Preparing for import.
06-24-2021 @ 03:48:25 - Row :1 - Parsing item.
06-24-2021 @ 03:48:25 - Importing as new order ID:37440
06-24-2021 @ 03:48:25 - Row :1 - Processing item.
06-24-2021 @ 03:48:25 - Found order object. ID:37440
06-24-2021 @ 03:48:25 - Row :1 - Order imported successfully.
06-24-2021 @ 03:48:25 - Row :2 - Parsing item.
06-24-2021 @ 03:48:25 - Importing as new order ID:37441
06-24-2021 @ 03:48:25 - Row :2 - Processing item.
06-24-2021 @ 03:48:25 - Found order object. ID:37441
06-24-2021 @ 03:48:26 - Row :2 - Order imported successfully.
06-24-2021 @ 03:48:26 - Row :3 - Parsing item.
06-24-2021 @ 03:48:26 - Importing as new order ID:37442
06-24-2021 @ 03:48:26 - Row :3 - Processing item.
06-24-2021 @ 03:48:26 - Found order object. ID:37442
06-24-2021 @ 03:48:26 - Row :3 - Order imported successfully.
06-24-2021 @ 03:48:26 - Row :4 - Parsing item.
06-24-2021 @ 03:48:26 - Importing as new order ID:37443
06-24-2021 @ 03:48:26 - Row :4 - Processing item.
06-24-2021 @ 03:48:26 - Found order object. ID:37443
06-24-2021 @ 03:48:26 - Row :4 - Order imported successfully.
06-24-2021 @ 03:48:26 - Row :5 - Parsing item.
06-24-2021 @ 03:48:26 - Importing as new order ID:37444
06-24-2021 @ 03:48:26 - Row :5 - Processing item.
06-24-2021 @ 03:48:26 - Found order object. ID:37444
06-24-2021 @ 03:48:26 - Row :5 - Order imported successfully.
06-24-2021 @ 03:48:26 - Row :6 - Parsing item.
06-24-2021 @ 03:48:26 - Importing as new order ID:37431
06-24-2021 @ 03:48:26 - Row :6 - Processing item.
06-24-2021 @ 03:48:26 - Found order object. ID:37431
06-24-2021 @ 03:48:26 - Row :6 - Order imported successfully.
06-24-2021 @ 03:48:26 - Row :7 - Parsing item.
06-24-2021 @ 03:48:26 - Importing as new order ID:37432
06-24-2021 @ 03:48:26 - Row :7 - Processing item.
06-24-2021 @ 03:48:26 - Found order object. ID:37432
06-24-2021 @ 03:48:26 - Row :7 - Order imported successfully.
06-24-2021 @ 03:48:26 - Row :8 - Parsing item.
06-24-2021 @ 03:48:26 - Importing as new order ID:37434
06-24-2021 @ 03:48:26 - Row :8 - Processing item.
06-24-2021 @ 03:48:26 - Found order object. ID:37434
06-24-2021 @ 03:48:26 - Row :8 - Order imported successfully.
06-24-2021 @ 03:48:26 - Row :9 - Parsing item.
06-24-2021 @ 03:48:26 - Importing as new order ID:37435
06-24-2021 @ 03:48:26 - Row :9 - Processing item.
06-24-2021 @ 03:48:26 - Found order object. ID:37435
06-24-2021 @ 03:48:26 - Row :9 - Order imported successfully.
06-24-2021 @ 03:48:26 - Row :10 - Parsing item.
06-24-2021 @ 03:48:26 - Importing as new order ID:37437
06-24-2021 @ 03:48:26 - Row :10 - Processing item.
06-24-2021 @ 03:48:26 - Found order object. ID:37437
06-24-2021 @ 03:48:26 - Row :10 - Order imported successfully.
06-24-2021 @ 03:48:26 - ---[ Import ended at 2021-06-24 03:48:26]---
