06-25-2021 @ 07:34:21 - ---[ New import started at 2021-06-25 07:34:21 ] PHP Memory: 768 MB, WP Memory: 40 MB
06-25-2021 @ 07:34:21 - Preparing for import.
06-25-2021 @ 07:34:21 - Row :1 - Parsing item.
06-25-2021 @ 07:34:21 - Importing as new product ID:37456
06-25-2021 @ 07:34:21 - Row :1 - Processing item.
06-25-2021 @ 07:34:21 - Found simple product object. ID:37456
06-25-2021 @ 07:34:21 - Setting Featured Image. URL:https://www.cosmeagardens.com/wp-content/uploads/2017/02/Baloons-Gift.jpg
06-25-2021 @ 07:34:21 - Attachment ID:37454
06-25-2021 @ 07:34:21 - Row :1 - Product imported successfully.
06-25-2021 @ 07:34:21 - Row :2 - Parsing item.
06-25-2021 @ 07:34:21 - Importing as new product ID:37457
06-25-2021 @ 07:34:21 - Row :2 - Processing item.
06-25-2021 @ 07:34:21 - Found simple product object. ID:37457
06-25-2021 @ 07:34:21 - Setting Featured Image. URL:https://www.cosmeagardens.com/wp-content/uploads/2017/02/Foil-Baloons-Gift.jpg
06-25-2021 @ 07:34:21 - Attachment ID:37455
06-25-2021 @ 07:34:22 - Row :2 - Product imported successfully.
06-25-2021 @ 07:34:22 - Row :3 - Parsing item.
06-25-2021 @ 07:34:22 - Importing as new product ID:22474
06-25-2021 @ 07:34:22 - Row :3 - Processing item.
06-25-2021 @ 07:34:22 - Found simple product object. ID:22474
06-25-2021 @ 07:34:22 - Setting Featured Image. URL:https://www.cosmeagardens.com/wp-content/uploads/2017/02/47cbadc321f794744ba89d6bb55c9af25a8b35a8_100111527_1.jpg
06-25-2021 @ 07:34:23 - Attachment ID:37458
06-25-2021 @ 07:34:23 - Row :3 - Product imported successfully.
06-25-2021 @ 07:34:23 - Row :4 - Parsing item.
06-25-2021 @ 07:34:23 - Importing as new product ID:22476
06-25-2021 @ 07:34:23 - Row :4 - Processing item.
06-25-2021 @ 07:34:23 - Found simple product object. ID:22476
06-25-2021 @ 07:34:23 - Setting Featured Image. URL:https://www.cosmeagardens.com/wp-content/uploads/2017/02/47cbadc321f794744ba89d6bb55c9af25a8b35a8_100111527_1.jpg
06-25-2021 @ 07:34:23 - Attachment ID:37458
06-25-2021 @ 07:34:23 - Row :4 - Product imported successfully.
06-25-2021 @ 07:34:23 - Row :5 - Parsing item.
06-25-2021 @ 07:34:23 - Importing as new product ID:22478
06-25-2021 @ 07:34:23 - Row :5 - Processing item.
06-25-2021 @ 07:34:23 - Found simple product object. ID:22478
06-25-2021 @ 07:34:23 - Setting Featured Image. URL:https://www.cosmeagardens.com/wp-content/uploads/2017/02/White-Wine-Gift.jpg
06-25-2021 @ 07:34:24 - Attachment ID:37459
06-25-2021 @ 07:34:25 - Row :5 - Product imported successfully.
06-25-2021 @ 07:34:25 - Row :6 - Parsing item.
06-25-2021 @ 07:34:25 - Importing as new product ID:22479
06-25-2021 @ 07:34:25 - Row :6 - Processing item.
06-25-2021 @ 07:34:25 - Found simple product object. ID:22479
06-25-2021 @ 07:34:25 - Setting Featured Image. URL:https://www.cosmeagardens.com/wp-content/uploads/2017/02/Red-Wine-Gift.jpg
06-25-2021 @ 07:34:26 - Attachment ID:37460
06-25-2021 @ 07:34:26 - Row :6 - Product imported successfully.
06-25-2021 @ 07:34:26 - Row :7 - Parsing item.
06-25-2021 @ 07:34:26 - Importing as new product ID:22482
06-25-2021 @ 07:34:26 - Row :7 - Processing item.
06-25-2021 @ 07:34:26 - Found simple product object. ID:22482
06-25-2021 @ 07:34:26 - Setting Featured Image. URL:https://www.cosmeagardens.com/wp-content/uploads/2017/02/Martini-Spirit-Gift.jpg
06-25-2021 @ 07:34:27 - Attachment ID:37461
06-25-2021 @ 07:34:27 - Row :7 - Product imported successfully.
06-25-2021 @ 07:34:27 - Row :8 - Parsing item.
06-25-2021 @ 07:34:27 - Importing as new product ID:22483
06-25-2021 @ 07:34:27 - Row :8 - Processing item.
06-25-2021 @ 07:34:27 - Found simple product object. ID:22483
06-25-2021 @ 07:34:27 - Setting Featured Image. URL:https://www.cosmeagardens.com/wp-content/uploads/2017/02/Moet-Chandon-Campagne-Small-Gift.jpg
06-25-2021 @ 07:34:28 - Attachment ID:37462
06-25-2021 @ 07:34:28 - Row :8 - Product imported successfully.
06-25-2021 @ 07:34:28 - Row :9 - Parsing item.
06-25-2021 @ 07:34:28 - Importing as new product ID:22485
06-25-2021 @ 07:34:28 - Row :9 - Processing item.
06-25-2021 @ 07:34:28 - Found simple product object. ID:22485
06-25-2021 @ 07:34:28 - Setting Featured Image. URL:https://www.cosmeagardens.com/wp-content/uploads/2017/02/Moet-Chandon-Campagne-Large-Gift.jpg
06-25-2021 @ 07:34:30 - Attachment ID:37463
06-25-2021 @ 07:34:30 - Row :9 - Product imported successfully.
06-25-2021 @ 07:34:30 - Row :10 - Parsing item.
06-25-2021 @ 07:34:30 - Importing as new product ID:22486
06-25-2021 @ 07:34:30 - Row :10 - Processing item.
06-25-2021 @ 07:34:30 - Found simple product object. ID:22486
06-25-2021 @ 07:34:30 - Setting Featured Image. URL:https://www.cosmeagardens.com/wp-content/uploads/2017/02/Ouzo-Spirit-Gift.jpg
06-25-2021 @ 07:34:31 - Attachment ID:37464
06-25-2021 @ 07:34:31 - Row :10 - Product imported successfully.
06-25-2021 @ 07:34:32 - Preparing for import.
06-25-2021 @ 07:34:32 - Row :11 - Parsing item.
06-25-2021 @ 07:34:32 - Importing as new product ID:22487
06-25-2021 @ 07:34:32 - Row :11 - Processing item.
06-25-2021 @ 07:34:32 - Found simple product object. ID:22487
06-25-2021 @ 07:34:32 - Setting Featured Image. URL:https://www.cosmeagardens.com/wp-content/uploads/2017/02/Comandaria-Spirit-Gift-1.jpg
06-25-2021 @ 07:34:33 - Attachment ID:37465
06-25-2021 @ 07:34:33 - Row :11 - Product imported successfully.
06-25-2021 @ 07:34:33 - Row :12 - Parsing item.
06-25-2021 @ 07:34:33 - Importing as new product ID:22489
06-25-2021 @ 07:34:33 - Row :12 - Processing item.
06-25-2021 @ 07:34:33 - Found simple product object. ID:22489
06-25-2021 @ 07:34:33 - Setting Featured Image. URL:https://www.cosmeagardens.com/wp-content/uploads/2017/02/Greeting-Cards.jpg
06-25-2021 @ 07:34:35 - Attachment ID:37466
06-25-2021 @ 07:34:35 - Row :12 - Product imported successfully.
06-25-2021 @ 07:34:35 - Row :13 - Parsing item.
06-25-2021 @ 07:34:35 - Importing as new product ID:22490
06-25-2021 @ 07:34:35 - Row :13 - Processing item.
06-25-2021 @ 07:34:35 - Found simple product object. ID:22490
06-25-2021 @ 07:34:35 - Setting Featured Image. URL:https://www.cosmeagardens.com/wp-content/uploads/2017/02/Flower-Food.jpg
06-25-2021 @ 07:34:36 - Attachment ID:37467
06-25-2021 @ 07:34:36 - Row :13 - Product imported successfully.
06-25-2021 @ 07:34:36 - Row :14 - Parsing item.
06-25-2021 @ 07:34:36 - Importing as new product ID:22492
06-25-2021 @ 07:34:36 - Row :14 - Processing item.
06-25-2021 @ 07:34:36 - Found simple product object. ID:22492
06-25-2021 @ 07:34:36 - Setting Featured Image. URL:https://www.cosmeagardens.com/wp-content/uploads/2017/02/Vase-Gift.jpg
06-25-2021 @ 07:34:37 - Attachment ID:37468
06-25-2021 @ 07:34:37 - Row :14 - Product imported successfully.
06-25-2021 @ 07:34:37 - Row :15 - Parsing item.
06-25-2021 @ 07:34:37 - Importing as new product ID:22493
06-25-2021 @ 07:34:37 - Row :15 - Processing item.
06-25-2021 @ 07:34:37 - Found simple product object. ID:22493
06-25-2021 @ 07:34:37 - Setting Featured Image. URL:https://www.cosmeagardens.com/wp-content/uploads/2017/02/Teddy-Bear-Small-Blue.jpg
06-25-2021 @ 07:34:38 - Attachment ID:37469
06-25-2021 @ 07:34:38 - Row :15 - Product imported successfully.
06-25-2021 @ 07:34:38 - Row :16 - Parsing item.
06-25-2021 @ 07:34:38 - Importing as new product ID:22494
06-25-2021 @ 07:34:38 - Row :16 - Processing item.
06-25-2021 @ 07:34:38 - Found simple product object. ID:22494
06-25-2021 @ 07:34:38 - Setting Featured Image. URL:https://www.cosmeagardens.com/wp-content/uploads/2017/02/Teddy-Bear-Large-Blue.jpg
06-25-2021 @ 07:34:40 - Attachment ID:37470
06-25-2021 @ 07:34:40 - Row :16 - Product imported successfully.
06-25-2021 @ 07:34:40 - Row :17 - Parsing item.
06-25-2021 @ 07:34:40 - Importing as new product ID:22495
06-25-2021 @ 07:34:40 - Row :17 - Processing item.
06-25-2021 @ 07:34:40 - Found simple product object. ID:22495
06-25-2021 @ 07:34:40 - Setting Featured Image. URL:https://www.cosmeagardens.com/wp-content/uploads/2017/02/Teddy-Bear-Small-Pink.jpg
06-25-2021 @ 07:34:41 - Attachment ID:37471
06-25-2021 @ 07:34:41 - Row :17 - Product imported successfully.
06-25-2021 @ 07:34:41 - Row :18 - Parsing item.
06-25-2021 @ 07:34:41 - Importing as new product ID:22496
06-25-2021 @ 07:34:41 - Row :18 - Processing item.
06-25-2021 @ 07:34:41 - Found simple product object. ID:22496
06-25-2021 @ 07:34:41 - Setting Featured Image. URL:https://www.cosmeagardens.com/wp-content/uploads/2017/02/Teddy-Bear-Large-Pink.jpg
06-25-2021 @ 07:34:42 - Attachment ID:37472
06-25-2021 @ 07:34:42 - Row :18 - Product imported successfully.
06-25-2021 @ 07:34:42 - Row :19 - Parsing item.
06-25-2021 @ 07:34:42 - Importing as new product ID:22497
06-25-2021 @ 07:34:42 - Row :19 - Processing item.
06-25-2021 @ 07:34:42 - Found simple product object. ID:22497
06-25-2021 @ 07:34:42 - Setting Featured Image. URL:https://www.cosmeagardens.com/wp-content/uploads/2017/02/teddy-bearsmall.jpg
06-25-2021 @ 07:34:44 - Attachment ID:37473
06-25-2021 @ 07:34:44 - Row :19 - Product imported successfully.
06-25-2021 @ 07:34:44 - Row :20 - Parsing item.
06-25-2021 @ 07:34:44 - Importing as new product ID:22498
06-25-2021 @ 07:34:44 - Row :20 - Processing item.
06-25-2021 @ 07:34:44 - Found simple product object. ID:22498
06-25-2021 @ 07:34:44 - Setting Featured Image. URL:https://www.cosmeagardens.com/wp-content/uploads/2017/02/Teddy-Bear-Love.jpg
06-25-2021 @ 07:34:45 - Attachment ID:37474
06-25-2021 @ 07:34:45 - Row :20 - Product imported successfully.
06-25-2021 @ 07:34:46 - Preparing for import.
06-25-2021 @ 07:34:46 - Row :21 - Parsing item.
06-25-2021 @ 07:34:46 - Importing as new product ID:29449
06-25-2021 @ 07:34:46 - Row :21 - Processing item.
06-25-2021 @ 07:34:46 - Found simple product object. ID:29449
06-25-2021 @ 07:34:46 - Setting Featured Image. URL:https://www.cosmeagardens.com/wp-content/uploads/2018/10/dangelo-rosato.jpg
06-25-2021 @ 07:34:47 - Attachment ID:37475
06-25-2021 @ 07:34:47 - Row :21 - Product imported successfully.
06-25-2021 @ 07:34:47 - Row :22 - Parsing item.
06-25-2021 @ 07:34:47 - Importing as new product ID:29456
06-25-2021 @ 07:34:47 - Row :22 - Processing item.
06-25-2021 @ 07:34:47 - Found simple product object. ID:29456
06-25-2021 @ 07:34:47 - Setting Featured Image. URL:https://www.cosmeagardens.com/wp-content/uploads/2018/10/zivania.jpg
06-25-2021 @ 07:34:49 - Attachment ID:37476
06-25-2021 @ 07:34:49 - Row :22 - Product imported successfully.
06-25-2021 @ 07:34:49 - Row :23 - Parsing item.
06-25-2021 @ 07:34:49 - Importing as new product ID:29458
06-25-2021 @ 07:34:49 - Row :23 - Processing item.
06-25-2021 @ 07:34:49 - Found simple product object. ID:29458
06-25-2021 @ 07:34:49 - Setting Featured Image. URL:https://www.cosmeagardens.com/wp-content/uploads/2018/10/stoli.jpg
06-25-2021 @ 07:34:50 - Attachment ID:37477
06-25-2021 @ 07:34:50 - Row :23 - Product imported successfully.
06-25-2021 @ 07:34:50 - Row :24 - Parsing item.
06-25-2021 @ 07:34:50 - Importing as new product ID:29460
06-25-2021 @ 07:34:50 - Row :24 - Processing item.
06-25-2021 @ 07:34:50 - Found simple product object. ID:29460
06-25-2021 @ 07:34:50 - Setting Featured Image. URL:https://www.cosmeagardens.com/wp-content/uploads/2018/10/north.jpg
06-25-2021 @ 07:34:51 - Attachment ID:37478
06-25-2021 @ 07:34:51 - Row :24 - Product imported successfully.
06-25-2021 @ 07:34:51 - Row :25 - Parsing item.
06-25-2021 @ 07:34:51 - Importing as new product ID:29464
06-25-2021 @ 07:34:51 - Row :25 - Processing item.
06-25-2021 @ 07:34:51 - Found simple product object. ID:29464
06-25-2021 @ 07:34:51 - Setting Featured Image. URL:https://www.cosmeagardens.com/wp-content/uploads/2018/10/jb.jpg
06-25-2021 @ 07:34:52 - Attachment ID:37479
06-25-2021 @ 07:34:53 - Row :25 - Product imported successfully.
06-25-2021 @ 07:34:53 - Row :26 - Parsing item.
06-25-2021 @ 07:34:53 - Importing as new product ID:29467
06-25-2021 @ 07:34:53 - Row :26 - Processing item.
06-25-2021 @ 07:34:53 - Found simple product object. ID:29467
06-25-2021 @ 07:34:53 - Setting Featured Image. URL:https://www.cosmeagardens.com/wp-content/uploads/2018/10/gordons.jpg
06-25-2021 @ 07:34:54 - Attachment ID:37480
06-25-2021 @ 07:34:54 - Row :26 - Product imported successfully.
06-25-2021 @ 07:34:54 - Row :27 - Parsing item.
06-25-2021 @ 07:34:54 - Importing as new product ID:29469
06-25-2021 @ 07:34:54 - Row :27 - Processing item.
06-25-2021 @ 07:34:54 - Found simple product object. ID:29469
06-25-2021 @ 07:34:54 - Setting Featured Image. URL:https://www.cosmeagardens.com/wp-content/uploads/2018/10/bacardi.jpg
06-25-2021 @ 07:34:55 - Attachment ID:37481
06-25-2021 @ 07:34:55 - Row :27 - Product imported successfully.
06-25-2021 @ 07:34:55 - Row :28 - Parsing item.
06-25-2021 @ 07:34:55 - Importing as new product ID:29472
06-25-2021 @ 07:34:55 - Row :28 - Processing item.
06-25-2021 @ 07:34:55 - Found simple product object. ID:29472
06-25-2021 @ 07:34:55 - Setting Featured Image. URL:https://www.cosmeagardens.com/wp-content/uploads/2018/10/rose.jpg
06-25-2021 @ 07:34:56 - Attachment ID:37482
06-25-2021 @ 07:34:56 - Row :28 - Product imported successfully.
06-25-2021 @ 07:34:56 - Row :29 - Parsing item.
06-25-2021 @ 07:34:56 - Importing as new product ID:29474
06-25-2021 @ 07:34:56 - Row :29 - Processing item.
06-25-2021 @ 07:34:56 - Found simple product object. ID:29474
06-25-2021 @ 07:34:56 - Setting Featured Image. URL:https://www.cosmeagardens.com/wp-content/uploads/2018/10/jager.jpg
06-25-2021 @ 07:34:58 - Attachment ID:37483
06-25-2021 @ 07:34:58 - Row :29 - Product imported successfully.
06-25-2021 @ 07:34:58 - Row :30 - Parsing item.
06-25-2021 @ 07:34:58 - Importing as new product ID:29476
06-25-2021 @ 07:34:58 - Row :30 - Processing item.
06-25-2021 @ 07:34:58 - Found simple product object. ID:29476
06-25-2021 @ 07:34:58 - Setting Featured Image. URL:https://www.cosmeagardens.com/wp-content/uploads/2018/10/baileys_.jpg
06-25-2021 @ 07:34:59 - Attachment ID:37484
06-25-2021 @ 07:34:59 - Row :30 - Product imported successfully.
06-25-2021 @ 07:35:00 - Preparing for import.
06-25-2021 @ 07:35:00 - Row :31 - Parsing item.
06-25-2021 @ 07:35:00 - Importing as new product ID:29478
06-25-2021 @ 07:35:00 - Row :31 - Processing item.
06-25-2021 @ 07:35:00 - Found simple product object. ID:29478
06-25-2021 @ 07:35:00 - Setting Featured Image. URL:https://www.cosmeagardens.com/wp-content/uploads/2018/10/perignon.jpg
06-25-2021 @ 07:35:01 - Attachment ID:37485
06-25-2021 @ 07:35:01 - Row :31 - Product imported successfully.
06-25-2021 @ 07:35:01 - Row :32 - Parsing item.
06-25-2021 @ 07:35:01 - Importing as new product ID:36505
06-25-2021 @ 07:35:01 - Row :32 - Processing item.
06-25-2021 @ 07:35:01 - Found simple product object. ID:36505
06-25-2021 @ 07:35:01 - Setting Featured Image. URL:https://www.cosmeagardens.com/wp-content/uploads/2018/10/gold.jpg
06-25-2021 @ 07:35:02 - Attachment ID:37486
06-25-2021 @ 07:35:02 - Row :32 - Product imported successfully.
06-25-2021 @ 07:35:02 - Row :33 - Parsing item.
06-25-2021 @ 07:35:02 - Importing as new product ID:36532
06-25-2021 @ 07:35:02 - Row :33 - Processing item.
06-25-2021 @ 07:35:02 - Found simple product object. ID:36532
06-25-2021 @ 07:35:02 - Setting Featured Image. URL:https://www.cosmeagardens.com/wp-content/uploads/2021/02/rose-gold.jpg
06-25-2021 @ 07:35:04 - Attachment ID:37487
06-25-2021 @ 07:35:04 - Row :33 - Product imported successfully.
06-25-2021 @ 07:35:04 - Row :34 - Parsing item.
06-25-2021 @ 07:35:04 - Importing as new product ID:36535
06-25-2021 @ 07:35:04 - Row :34 - Processing item.
06-25-2021 @ 07:35:04 - Found simple product object. ID:36535
06-25-2021 @ 07:35:04 - Setting Featured Image. URL:https://www.cosmeagardens.com/wp-content/uploads/2021/02/petalo.jpg
06-25-2021 @ 07:35:05 - Attachment ID:37488
06-25-2021 @ 07:35:05 - Row :34 - Product imported successfully.
06-25-2021 @ 07:35:05 - Row :35 - Parsing item.
06-25-2021 @ 07:35:05 - Importing as new product ID:36537
06-25-2021 @ 07:35:05 - Row :35 - Processing item.
06-25-2021 @ 07:35:05 - Found simple product object. ID:36537
06-25-2021 @ 07:35:05 - Setting Featured Image. URL:https://www.cosmeagardens.com/wp-content/uploads/2021/02/TostiProsecco20cl.jpg
06-25-2021 @ 07:35:06 - Attachment ID:37489
06-25-2021 @ 07:35:06 - Row :35 - Product imported successfully.
06-25-2021 @ 07:35:06 - Row :36 - Parsing item.
06-25-2021 @ 07:35:06 - Importing as new product ID:36540
06-25-2021 @ 07:35:06 - Row :36 - Processing item.
06-25-2021 @ 07:35:06 - Found simple product object. ID:36540
06-25-2021 @ 07:35:06 - Setting Featured Image. URL:https://www.cosmeagardens.com/wp-content/uploads/2021/02/skinos_mastica_70cl.jpg
06-25-2021 @ 07:35:07 - Attachment ID:37490
06-25-2021 @ 07:35:07 - Row :36 - Product imported successfully.
06-25-2021 @ 07:35:07 - ---[ Import ended at 2021-06-25 07:35:07]---
